Fecha: 2025-07-04 14:04:49
Para: marisolroblesnunez@gmail.com
Asunto: Recuperación de contraseña
Mensaje:
Para restablecer tu contraseña, haz click en este enlace: http://localhost/ApiBiblioteca-MAIN/admin/restablecer.php?token=445633e25f237a443baf501a2a5ec27747a8c9675cd38ba63710398c0ed099f0
__________________________________________

Fecha: 2025-07-04 14:07:43
Para: loli@gmail.com
Asunto: Verificación de cuenta
Mensaje:
Por favor, verifica tu cuenta haciendo clic en este enlace: http://localhost/ApiBiblioteca-MAIN/admin/verificar.php?token=69253b78e5f37c6b2f44a6a02adddc7931c8ec9c7cd72fb4faf50539ba0e1af5
__________________________________________

Fecha: 2025-07-04 14:09:23
Para: alicates@gmail.com
Asunto: Verificación de cuenta
Mensaje:
Por favor, verifica tu cuenta haciendo clic en este enlace: http://localhost/ApiBiblioteca-MAIN/admin/verificar.php?token=f5af57d9c81c81228e340f2291514427402af73d66a4e051e07ed13752db8605
__________________________________________

Fecha: 2025-07-04 14:10:10
Para: alicates@gmail.com
Asunto: Recuperación de contraseña
Mensaje:
Para restablecer tu contraseña, haz click en este enlace: http://localhost/ApiBiblioteca-MAIN/admin/restablecer.php?token=31c98fa19e1035841d6a412c147be9011a09373bd27dcbb1f57dd454989e1429
__________________________________________

Fecha: 2025-07-07 09:34:04
Para: correo1@gmail.com
Asunto: Verificación de cuenta
Mensaje:
Por favor, verifica tu cuenta haciendo clic en este enlace: http://localhost/ApiBiblioteca-main/admin/verificar.php?token=f106e9f24f63a9b7db3561c0b57af89942124ebc6b75b4648460ba92a707960c
__________________________________________

Fecha: 2025-07-07 10:00:12
Para: correo12@gmail.com
Asunto: Verificación de cuenta
Mensaje:
Por favor, verifica tu cuenta haciendo clic en este enlace: http://localhost/ApiBiblioteca-main/admin/verificar.php?token=756a6cb0c7957119915c570774e36f7268e720586847c88063e0b48c67ab149e
__________________________________________

Fecha: 2025-07-07 10:36:46
Para: correo17@gmail.com
Asunto: Verificación de cuenta
Mensaje:
Por favor, verifica tu cuenta haciendo clic en este enlace: http://localhost/ApiBiblioteca-main/admin/verificar.php?token=24baa6a6582c58d9c801e40fb379afdecfebd47d0a5490c47a93b90baabd27b5
__________________________________________

Fecha: 2025-07-07 10:37:33
Para: correo17@gmail.com
Asunto: Recuperación de contraseña
Mensaje:
Para restablecer tu contraseña, haz click en este enlace: http://localhost/ApiBiblioteca-main/admin/restablecer.php?token=19aacdf6d56f2923d054dc340f399c7abef8d4ae84931cdd7311c2a5d45ddb33
__________________________________________

Fecha: 2025-07-07 12:57:19
Para: rodolfo@gmail.com
Asunto: Verificación de cuenta
Mensaje:
Por favor, verifica tu cuenta haciendo clic en este enlace: http://localhost/ApiBiblioteca-main/admin/verificar.php?token=456093a04ff4e541e429ac5a232044dfc7ce5d248eb4cacfd21b0f8c7f262453
__________________________________________

Fecha: 2025-07-08 09:14:19
Para: 55@gmail.com
Asunto: Verificación de cuenta
Mensaje:
Por favor, verifica tu cuenta haciendo clic en este enlace: http://localhost/ApiBiblioteca-main/admin/verificar.php?token=8c419a8dae5fe50b1a41fc9bc7aa07b9aa9529afb774bf04ac6772479d8c931d
__________________________________________

